TN:
SF:src\app.js
FNF:0
FNH:0
DA:1,1
DA:2,1
DA:3,1
DA:4,1
DA:5,1
DA:6,1
DA:7,1
DA:8,1
DA:9,1
DA:10,1
DA:11,1
DA:12,1
DA:13,1
DA:14,0
DA:15,0
DA:16,0
DA:17,1
DA:18,1
DA:19,1
LF:19
LH:16
BRF:0
BRH:0
end_of_record
TN:
SF:src\broker\broker.js
FN:5,connect
FN:19,publishToQueue
FN:29,subscribeToQueue
FNF:3
FNH:2
FNDA:1,connect
FNDA:2,publishToQueue
FNDA:0,subscribeToQueue
DA:1,1
DA:2,1
DA:3,1
DA:4,1
DA:5,1
DA:6,1
DA:7,1
DA:8,1
DA:9,1
DA:10,1
DA:11,1
DA:12,1
DA:13,1
DA:14,0
DA:15,0
DA:16,0
DA:17,1
DA:18,1
DA:19,2
DA:20,2
DA:21,2
DA:22,2
DA:23,2
DA:24,2
DA:25,2
DA:26,2
DA:27,2
DA:28,1
DA:29,0
DA:30,0
DA:31,0
DA:32,0
DA:33,0
DA:34,0
DA:35,0
DA:36,0
DA:37,0
DA:38,0
DA:39,0
DA:40,0
DA:41,0
DA:42,0
DA:43,1
DA:44,1
DA:45,1
DA:46,1
LF:46
LH:29
BRDA:5,0,0,1
BRDA:6,1,0,0
BRDA:13,2,0,0
BRDA:19,3,0,2
BRDA:20,4,0,1
BRDA:20,5,0,1
BRF:6
BRH:4
end_of_record
TN:
SF:src\controllers\product.controller.js
FN:7,createProduct
FN:46,getProducts
FN:68,getProductById
FN:91,updateProduct
FN:138,deleteProduct
FN:166,getProductBySeller
FNF:6
FNH:6
FNDA:1,createProduct
FNDA:5,getProducts
FNDA:3,getProductById
FNDA:4,updateProduct
FNDA:4,deleteProduct
FNDA:3,getProductBySeller
DA:1,1
DA:2,1
DA:3,1
DA:4,1
DA:5,1
DA:6,1
DA:7,1
DA:8,1
DA:9,1
DA:10,1
DA:11,1
DA:12,1
DA:13,1
DA:14,1
DA:15,1
DA:16,1
DA:17,1
DA:18,1
DA:19,1
DA:20,1
DA:21,1
DA:22,1
DA:23,1
DA:24,1
DA:25,1
DA:26,1
DA:27,1
DA:28,1
DA:29,1
DA:30,1
DA:31,1
DA:32,1
DA:33,1
DA:34,1
DA:35,1
DA:36,1
DA:37,1
DA:38,1
DA:39,1
DA:40,1
DA:41,0
DA:42,0
DA:43,1
DA:44,1
DA:45,1
DA:46,5
DA:47,5
DA:48,5
DA:49,5
DA:50,5
DA:51,5
DA:52,1
DA:53,1
DA:54,5
DA:55,1
DA:56,1
DA:57,5
DA:58,1
DA:59,1
DA:60,5
DA:61,5
DA:62,5
DA:63,5
DA:64,5
DA:65,5
DA:66,5
DA:67,5
DA:68,3
DA:69,3
DA:70,3
DA:71,3
DA:72,3
DA:73,1
DA:74,1
DA:75,2
DA:76,2
DA:77,2
DA:78,3
DA:79,1
DA:80,1
DA:81,1
DA:82,1
DA:83,1
DA:84,1
DA:85,3
DA:86,0
DA:87,0
DA:88,0
DA:89,3
DA:90,1
DA:91,4
DA:92,4
DA:93,4
DA:94,4
DA:95,1
DA:96,1
DA:97,3
DA:98,3
DA:99,3
DA:100,4
DA:101,1
DA:102,1
DA:103,1
DA:104,1
DA:105,4
DA:106,1
DA:107,1
DA:108,1
DA:109,1
DA:110,1
DA:111,4
DA:112,1
DA:113,1
DA:114,4
DA:115,0
DA:116,0
DA:117,0
DA:118,0
DA:119,0
DA:120,1
DA:121,1
DA:122,4
DA:123,0
DA:124,0
DA:125,0
DA:126,0
DA:127,0
DA:128,0
DA:129,1
DA:130,1
DA:131,1
DA:132,1
DA:133,4
DA:134,0
DA:135,0
DA:136,0
DA:137,4
DA:138,4
DA:139,4
DA:140,4
DA:141,4
DA:142,1
DA:143,1
DA:144,3
DA:145,3
DA:146,3
DA:147,4
DA:148,1
DA:149,1
DA:150,1
DA:151,1
DA:152,4
DA:153,1
DA:154,1
DA:155,1
DA:156,1
DA:157,1
DA:158,1
DA:159,1
DA:160,4
DA:161,0
DA:162,0
DA:163,0
DA:164,4
DA:165,1
DA:166,3
DA:167,3
DA:168,3
DA:169,3
DA:170,3
DA:171,3
DA:172,3
DA:173,3
DA:174,3
DA:175,3
DA:176,3
DA:177,1
DA:178,1
DA:179,1
LF:179
LH:157
BRDA:7,0,0,1
BRDA:20,1,0,0
BRDA:40,2,0,0
BRDA:20,3,0,1
BRDA:46,4,0,5
BRDA:51,5,0,1
BRDA:54,6,0,1
BRDA:57,7,0,1
BRDA:68,8,0,3
BRDA:72,9,0,1
BRDA:74,10,0,2
BRDA:78,11,0,1
BRDA:85,12,0,0
BRDA:91,13,0,4
BRDA:94,14,0,1
BRDA:96,15,0,3
BRDA:100,16,0,1
BRDA:104,17,0,2
BRDA:105,18,0,1
BRDA:111,19,0,0
BRDA:111,20,0,1
BRDA:114,21,0,0
BRDA:119,22,0,1
BRDA:122,23,0,0
BRDA:122,24,0,0
BRDA:128,25,0,1
BRDA:133,26,0,0
BRDA:138,27,0,4
BRDA:141,28,0,1
BRDA:143,29,0,3
BRDA:147,30,0,1
BRDA:151,31,0,2
BRDA:152,32,0,1
BRDA:160,33,0,0
BRDA:166,34,0,3
BRF:35
BRH:26
end_of_record
TN:
SF:src\db\db.js
FN:4,connectedToDb
FNF:1
FNH:1
FNDA:6,connectedToDb
DA:1,1
DA:2,1
DA:3,1
DA:4,6
DA:5,6
DA:6,6
DA:7,6
DA:8,6
DA:9,6
DA:10,0
DA:11,6
DA:12,6
DA:13,1
DA:14,1
LF:14
LH:13
BRDA:4,0,0,6
BRDA:6,1,0,6
BRF:2
BRH:2
end_of_record
TN:
SF:src\middlewares\auth.middleware.js
FN:4,createAuthMiddleware
FN:5,authMiddleware
FNF:2
FNH:2
FNDA:24,createAuthMiddleware
FNDA:22,authMiddleware
DA:1,1
DA:2,1
DA:3,1
DA:4,24
DA:5,24
DA:6,22
DA:7,22
DA:8,22
DA:9,4
DA:10,4
DA:11,18
DA:12,18
DA:13,18
DA:14,18
DA:15,22
DA:16,2
DA:17,2
DA:18,2
DA:19,2
DA:20,12
DA:21,12
DA:22,12
DA:23,19
DA:24,4
DA:25,4
DA:26,22
DA:27,24
DA:28,1
DA:29,1
LF:29
LH:29
BRDA:4,0,0,24
BRDA:5,1,0,22
BRDA:6,2,0,18
BRDA:6,3,0,14
BRDA:8,4,0,4
BRDA:10,5,0,18
BRDA:15,6,0,19
BRDA:15,7,0,2
BRDA:19,8,0,12
BRDA:23,9,0,4
BRF:10
BRH:10
end_of_record
TN:
SF:src\middlewares\validator.middleware.js
FN:3,responseValidationResult
FNF:1
FNH:1
FNDA:1,responseValidationResult
DA:1,1
DA:2,1
DA:3,1
DA:4,1
DA:5,1
DA:6,0
DA:7,0
DA:8,1
DA:9,1
DA:10,1
DA:11,1
DA:12,1
DA:13,1
DA:14,1
DA:15,1
DA:16,1
DA:17,1
DA:18,1
DA:19,1
DA:20,1
DA:21,1
DA:22,1
DA:23,1
DA:24,1
DA:25,1
DA:26,1
DA:27,1
DA:28,1
DA:29,1
DA:30,1
DA:31,1
DA:32,1
DA:33,1
DA:34,1
DA:35,1
DA:36,1
DA:37,1
DA:38,1
DA:39,1
DA:40,1
DA:41,1
DA:42,1
DA:43,1
LF:43
LH:41
BRDA:3,0,0,1
BRDA:5,1,0,0
BRF:2
BRH:1
end_of_record
TN:
SF:src\models\product.model.js
FNF:0
FNH:0
DA:1,1
DA:2,1
DA:3,1
DA:4,1
DA:5,1
DA:6,1
DA:7,1
DA:8,1
DA:9,1
DA:10,1
DA:11,1
DA:12,1
DA:13,1
DA:14,1
DA:15,1
DA:16,1
DA:17,1
DA:18,1
DA:19,1
DA:20,1
DA:21,1
DA:22,1
DA:23,1
DA:24,1
DA:25,1
DA:26,1
DA:27,1
DA:28,1
DA:29,1
DA:30,1
DA:31,1
DA:32,1
DA:33,1
DA:34,1
DA:35,1
DA:36,1
DA:37,1
DA:38,1
DA:39,1
DA:40,1
DA:41,1
DA:42,1
DA:43,1
DA:44,1
DA:45,1
LF:45
LH:45
BRF:0
BRH:0
end_of_record
TN:
SF:src\routes\product.routes.js
FNF:0
FNH:0
DA:1,1
DA:2,1
DA:3,1
DA:4,1
DA:5,1
DA:6,1
DA:7,1
DA:8,1
DA:9,1
DA:10,1
DA:11,1
DA:12,1
DA:13,1
DA:14,1
DA:15,1
DA:16,1
DA:17,1
DA:18,1
LF:18
LH:18
BRF:0
BRH:0
end_of_record
