TN:
SF:src\app.js
FNF:0
FNH:0
DA:1,1
DA:2,1
DA:3,1
DA:4,1
DA:5,1
DA:6,1
DA:7,1
DA:8,1
DA:9,1
DA:10,1
DA:11,1
DA:12,1
DA:13,1
DA:14,0
DA:15,0
DA:16,0
DA:17,1
DA:18,1
DA:19,1
DA:20,1
LF:20
LH:17
BRF:0
BRH:0
end_of_record
TN:
SF:src\broker\broker.js
FN:5,connect
FN:19,publishToQueue
FN:29,subscribeToQueue
FNF:3
FNH:2
FNDA:2,connect
FNDA:4,publishToQueue
FNDA:0,subscribeToQueue
DA:1,1
DA:2,1
DA:3,1
DA:4,1
DA:5,2
DA:6,2
DA:7,2
DA:8,2
DA:9,2
DA:10,2
DA:11,2
DA:12,2
DA:13,2
DA:14,0
DA:15,0
DA:16,0
DA:17,2
DA:18,1
DA:19,4
DA:20,4
DA:21,4
DA:22,4
DA:23,4
DA:24,4
DA:25,4
DA:26,4
DA:27,4
DA:28,1
DA:29,0
DA:30,0
DA:31,0
DA:32,0
DA:33,0
DA:34,0
DA:35,0
DA:36,0
DA:37,0
DA:38,0
DA:39,0
DA:40,0
DA:41,0
DA:42,0
DA:43,1
DA:44,1
DA:45,1
DA:46,1
LF:46
LH:29
BRDA:5,0,0,2
BRDA:6,1,0,0
BRDA:13,2,0,0
BRDA:19,3,0,4
BRDA:20,4,0,2
BRDA:20,5,0,2
BRF:6
BRH:4
end_of_record
TN:
SF:src\controllers\payment.controllers.js
FN:11,createPayment
FN:55,verifyPayment
FNF:2
FNH:2
FNDA:2,createPayment
FNDA:3,verifyPayment
DA:1,1
DA:2,1
DA:3,1
DA:4,1
DA:5,1
DA:6,1
DA:7,1
DA:8,1
DA:9,1
DA:10,1
DA:11,2
DA:12,2
DA:13,2
DA:14,2
DA:15,2
DA:16,2
DA:17,2
DA:18,2
DA:19,2
DA:20,2
DA:21,2
DA:22,1
DA:23,1
DA:24,1
DA:25,1
DA:26,1
DA:27,1
DA:28,1
DA:29,1
DA:30,1
DA:31,1
DA:32,1
DA:33,1
DA:34,1
DA:35,1
DA:36,1
DA:37,1
DA:38,1
DA:39,1
DA:40,1
DA:41,1
DA:42,1
DA:43,1
DA:44,1
DA:45,1
DA:46,1
DA:47,1
DA:48,1
DA:49,1
DA:50,1
DA:51,1
DA:52,1
DA:53,2
DA:54,1
DA:55,3
DA:56,3
DA:57,3
DA:58,3
DA:59,3
DA:60,3
DA:61,3
DA:62,3
DA:63,3
DA:64,3
DA:65,3
DA:66,3
DA:67,3
DA:68,3
DA:69,3
DA:70,3
DA:71,3
DA:72,1
DA:73,1
DA:74,1
DA:75,1
DA:76,2
DA:77,2
DA:78,2
DA:79,3
DA:80,1
DA:81,1
DA:82,1
DA:83,1
DA:84,1
DA:85,1
DA:86,1
DA:87,1
DA:88,1
DA:89,1
DA:90,1
DA:91,1
DA:92,1
DA:93,1
DA:94,1
DA:95,1
DA:96,1
DA:97,1
DA:98,1
DA:99,1
DA:100,1
DA:101,1
DA:102,1
DA:103,1
DA:104,1
DA:105,1
DA:106,1
DA:107,1
DA:108,1
DA:109,3
DA:110,0
DA:111,0
DA:112,0
DA:113,0
DA:114,0
DA:115,0
DA:116,0
DA:117,0
DA:118,0
DA:119,0
DA:120,0
DA:121,0
DA:122,0
DA:123,3
DA:124,1
DA:125,1
DA:126,1
DA:127,1
LF:127
LH:114
BRDA:11,0,0,2
BRDA:21,1,0,1
BRDA:55,2,0,3
BRDA:71,3,0,1
BRDA:75,4,0,2
BRDA:79,5,0,1
BRDA:109,6,0,0
BRF:7
BRH:6
end_of_record
TN:
SF:src\db\db.js
FN:4,connectToDB
FNF:1
FNH:1
FNDA:2,connectToDB
DA:1,1
DA:2,1
DA:3,1
DA:4,2
DA:5,2
DA:6,2
DA:7,2
DA:8,2
DA:9,2
DA:10,2
DA:11,0
DA:12,0
DA:13,2
DA:14,1
DA:15,1
LF:15
LH:13
BRDA:4,0,0,2
BRDA:10,1,0,0
BRF:2
BRH:1
end_of_record
TN:
SF:src\middlewares\auth.middlewares.js
FN:6,createAuthMiddleware
FN:7,authMiddleware
FNF:2
FNH:2
FNDA:4,createAuthMiddleware
FNDA:9,authMiddleware
DA:1,1
DA:2,1
DA:3,1
DA:4,1
DA:5,1
DA:6,4
DA:7,4
DA:8,9
DA:9,9
DA:10,9
DA:11,2
DA:12,2
DA:13,7
DA:14,7
DA:15,7
DA:16,7
DA:17,9
DA:18,0
DA:19,0
DA:20,0
DA:21,0
DA:22,5
DA:23,5
DA:24,5
DA:25,9
DA:26,2
DA:27,2
DA:28,9
DA:29,4
DA:30,1
DA:31,1
LF:31
LH:27
BRDA:6,0,0,4
BRDA:7,1,0,9
BRDA:8,2,0,7
BRDA:10,3,0,2
BRDA:12,4,0,7
BRDA:17,5,0,0
BRDA:21,6,0,5
BRDA:25,7,0,2
BRF:8
BRH:7
end_of_record
TN:
SF:src\models\payment.models.js
FNF:0
FNH:0
DA:1,1
DA:2,1
DA:3,1
DA:4,1
DA:5,1
DA:6,1
DA:7,1
DA:8,1
DA:9,1
DA:10,1
DA:11,1
DA:12,1
DA:13,1
DA:14,1
DA:15,1
DA:16,1
DA:17,1
DA:18,1
DA:19,1
DA:20,1
DA:21,1
DA:22,1
DA:23,1
DA:24,1
DA:25,1
DA:26,1
DA:27,1
DA:28,1
DA:29,1
DA:30,1
DA:31,1
DA:32,1
DA:33,1
DA:34,1
DA:35,1
DA:36,1
DA:37,1
DA:38,1
DA:39,1
DA:40,1
DA:41,1
DA:42,1
DA:43,1
DA:44,1
DA:45,1
DA:46,1
DA:47,1
DA:48,1
LF:48
LH:48
BRF:0
BRH:0
end_of_record
TN:
SF:src\routes\payment.routes.js
FNF:0
FNH:0
DA:1,1
DA:2,1
DA:3,1
DA:4,1
DA:5,1
DA:6,1
DA:7,1
DA:8,1
DA:9,1
DA:10,1
DA:11,1
DA:12,1
DA:13,1
LF:13
LH:13
BRF:0
BRH:0
end_of_record
