{"C:\\Users\\kk234\\OneDrive\\Desktop\\Dev with Sheriyans\\Cohort Microservices\\Order\\src\\app.js": {"path":"C:\\Users\\kk234\\OneDrive\\Desktop\\Dev with Sheriyans\\Cohort Microservices\\Order\\src\\app.js","all":false,"statementMap":{"0":{"start":{"line":1,"column":0},"end":{"line":1,"column":46}},"1":{"start":{"line":2,"column":0},"end":{"line":2,"column":35}},"2":{"start":{"line":3,"column":0},"end":{"line":3,"column":29}},"3":{"start":{"line":4,"column":0},"end":{"line":4,"column":58}},"4":{"start":{"line":5,"column":0},"end":{"line":5,"column":0}},"5":{"start":{"line":6,"column":0},"end":{"line":6,"column":22}},"6":{"start":{"line":7,"column":0},"end":{"line":7,"column":0}},"7":{"start":{"line":8,"column":0},"end":{"line":8,"column":24}},"8":{"start":{"line":9,"column":0},"end":{"line":9,"column":24}},"9":{"start":{"line":10,"column":0},"end":{"line":10,"column":16}},"10":{"start":{"line":11,"column":0},"end":{"line":11,"column":0}},"11":{"start":{"line":12,"column":0},"end":{"line":12,"column":35}},"12":{"start":{"line":13,"column":0},"end":{"line":13,"column":0}},"13":{"start":{"line":14,"column":0},"end":{"line":14,"column":24}},"14":{"start":{"line":15,"column":0},"end":{"line":15,"column":26}},"15":{"start":{"line":16,"column":0},"end":{"line":16,"column":45}},"16":{"start":{"line":17,"column":0},"end":{"line":17,"column":7}},"17":{"start":{"line":18,"column":0},"end":{"line":18,"column":3}},"18":{"start":{"line":19,"column":0},"end":{"line":19,"column":0}},"19":{"start":{"line":20,"column":0},"end":{"line":20,"column":0}},"20":{"start":{"line":21,"column":0},"end":{"line":21,"column":0}},"21":{"start":{"line":22,"column":0},"end":{"line":22,"column":21}}},"s":{"0":1,"1":1,"2":1,"3":1,"4":1,"5":1,"6":1,"7":1,"8":1,"9":1,"10":1,"11":1,"12":1,"13":1,"14":0,"15":0,"16":0,"17":1,"18":1,"19":1,"20":1,"21":1},"branchMap":{},"b":{},"fnMap":{},"f":{}}
,"C:\\Users\\kk234\\OneDrive\\Desktop\\Dev with Sheriyans\\Cohort Microservices\\Order\\src\\broker\\broker.js": {"path":"C:\\Users\\kk234\\OneDrive\\Desktop\\Dev with Sheriyans\\Cohort Microservices\\Order\\src\\broker\\broker.js","all":false,"statementMap":{"0":{"start":{"line":1,"column":0},"end":{"line":1,"column":35}},"1":{"start":{"line":2,"column":0},"end":{"line":2,"column":0}},"2":{"start":{"line":3,"column":0},"end":{"line":3,"column":24}},"3":{"start":{"line":4,"column":0},"end":{"line":4,"column":0}},"4":{"start":{"line":5,"column":0},"end":{"line":5,"column":26}},"5":{"start":{"line":6,"column":0},"end":{"line":6,"column":38}},"6":{"start":{"line":7,"column":0},"end":{"line":7,"column":0}},"7":{"start":{"line":8,"column":0},"end":{"line":8,"column":9}},"8":{"start":{"line":9,"column":0},"end":{"line":9,"column":66}},"9":{"start":{"line":10,"column":0},"end":{"line":10,"column":45}},"10":{"start":{"line":11,"column":0},"end":{"line":11,"column":51}},"11":{"start":{"line":12,"column":0},"end":{"line":12,"column":0}},"12":{"start":{"line":13,"column":0},"end":{"line":13,"column":19}},"13":{"start":{"line":14,"column":0},"end":{"line":14,"column":57}},"14":{"start":{"line":15,"column":0},"end":{"line":15,"column":0}},"15":{"start":{"line":16,"column":0},"end":{"line":16,"column":5}},"16":{"start":{"line":17,"column":0},"end":{"line":17,"column":1}},"17":{"start":{"line":18,"column":0},"end":{"line":18,"column":0}},"18":{"start":{"line":19,"column":0},"end":{"line":19,"column":53}},"19":{"start":{"line":20,"column":0},"end":{"line":20,"column":49}},"20":{"start":{"line":21,"column":0},"end":{"line":21,"column":0}},"21":{"start":{"line":22,"column":0},"end":{"line":22,"column":42}},"22":{"start":{"line":23,"column":0},"end":{"line":23,"column":21}},"23":{"start":{"line":24,"column":0},"end":{"line":24,"column":7}},"24":{"start":{"line":25,"column":0},"end":{"line":25,"column":70}},"25":{"start":{"line":26,"column":0},"end":{"line":26,"column":58}},"26":{"start":{"line":27,"column":0},"end":{"line":27,"column":1}},"27":{"start":{"line":28,"column":0},"end":{"line":28,"column":0}},"28":{"start":{"line":29,"column":0},"end":{"line":29,"column":54}},"29":{"start":{"line":30,"column":0},"end":{"line":30,"column":49}},"30":{"start":{"line":31,"column":0},"end":{"line":31,"column":0}},"31":{"start":{"line":32,"column":0},"end":{"line":32,"column":42}},"32":{"start":{"line":33,"column":0},"end":{"line":33,"column":21}},"33":{"start":{"line":34,"column":0},"end":{"line":34,"column":7}},"34":{"start":{"line":35,"column":0},"end":{"line":35,"column":47}},"35":{"start":{"line":36,"column":0},"end":{"line":36,"column":26}},"36":{"start":{"line":37,"column":0},"end":{"line":37,"column":58}},"37":{"start":{"line":38,"column":0},"end":{"line":38,"column":31}},"38":{"start":{"line":39,"column":0},"end":{"line":39,"column":27}},"39":{"start":{"line":40,"column":0},"end":{"line":40,"column":9}},"40":{"start":{"line":41,"column":0},"end":{"line":41,"column":7}},"41":{"start":{"line":42,"column":0},"end":{"line":42,"column":1}},"42":{"start":{"line":43,"column":0},"end":{"line":43,"column":0}},"43":{"start":{"line":44,"column":0},"end":{"line":44,"column":18}},"44":{"start":{"line":45,"column":0},"end":{"line":45,"column":64}},"45":{"start":{"line":46,"column":0},"end":{"line":46,"column":1}}},"s":{"0":1,"1":1,"2":1,"3":1,"4":1,"5":1,"6":1,"7":1,"8":1,"9":1,"10":1,"11":1,"12":1,"13":0,"14":0,"15":0,"16":1,"17":1,"18":1,"19":1,"20":1,"21":1,"22":1,"23":1,"24":1,"25":1,"26":1,"27":1,"28":0,"29":0,"30":0,"31":0,"32":0,"33":0,"34":0,"35":0,"36":0,"37":0,"38":0,"39":0,"40":0,"41":0,"42":1,"43":1,"44":1,"45":1},"branchMap":{"0":{"type":"branch","line":5,"loc":{"start":{"line":5,"column":0},"end":{"line":17,"column":1}},"locations":[{"start":{"line":5,"column":0},"end":{"line":17,"column":1}}]},"1":{"type":"branch","line":6,"loc":{"start":{"line":6,"column":20},"end":{"line":6,"column":38}},"locations":[{"start":{"line":6,"column":20},"end":{"line":6,"column":38}}]},"2":{"type":"branch","line":13,"loc":{"start":{"line":13,"column":6},"end":{"line":16,"column":5}},"locations":[{"start":{"line":13,"column":6},"end":{"line":16,"column":5}}]},"3":{"type":"branch","line":19,"loc":{"start":{"line":19,"column":0},"end":{"line":27,"column":1}},"locations":[{"start":{"line":19,"column":0},"end":{"line":27,"column":1}}]},"4":{"type":"branch","line":20,"loc":{"start":{"line":20,"column":19},"end":{"line":20,"column":31}},"locations":[{"start":{"line":20,"column":19},"end":{"line":20,"column":31}}]}},"b":{"0":[1],"1":[0],"2":[0],"3":[1],"4":[0]},"fnMap":{"0":{"name":"connect","decl":{"start":{"line":5,"column":0},"end":{"line":17,"column":1}},"loc":{"start":{"line":5,"column":0},"end":{"line":17,"column":1}},"line":5},"1":{"name":"publishToQueue","decl":{"start":{"line":19,"column":0},"end":{"line":27,"column":1}},"loc":{"start":{"line":19,"column":0},"end":{"line":27,"column":1}},"line":19},"2":{"name":"subscribeToQueue","decl":{"start":{"line":29,"column":0},"end":{"line":42,"column":1}},"loc":{"start":{"line":29,"column":0},"end":{"line":42,"column":1}},"line":29}},"f":{"0":1,"1":1,"2":0}}
,"C:\\Users\\kk234\\OneDrive\\Desktop\\Dev with Sheriyans\\Cohort Microservices\\Order\\src\\controllers\\order.controllers.js": {"path":"C:\\Users\\kk234\\OneDrive\\Desktop\\Dev with Sheriyans\\Cohort Microservices\\Order\\src\\controllers\\order.controllers.js","all":false,"statementMap":{"0":{"start":{"line":1,"column":0},"end":{"line":1,"column":37}},"1":{"start":{"line":2,"column":0},"end":{"line":2,"column":53}},"2":{"start":{"line":3,"column":0},"end":{"line":3,"column":31}},"3":{"start":{"line":4,"column":0},"end":{"line":4,"column":55}},"4":{"start":{"line":5,"column":0},"end":{"line":5,"column":0}},"5":{"start":{"line":6,"column":0},"end":{"line":6,"column":0}},"6":{"start":{"line":7,"column":0},"end":{"line":7,"column":38}},"7":{"start":{"line":8,"column":0},"end":{"line":8,"column":24}},"8":{"start":{"line":9,"column":0},"end":{"line":9,"column":80}},"9":{"start":{"line":10,"column":0},"end":{"line":10,"column":0}},"10":{"start":{"line":11,"column":0},"end":{"line":11,"column":7}},"11":{"start":{"line":12,"column":0},"end":{"line":12,"column":66}},"12":{"start":{"line":13,"column":0},"end":{"line":13,"column":16}},"13":{"start":{"line":14,"column":0},"end":{"line":14,"column":40}},"14":{"start":{"line":15,"column":0},"end":{"line":15,"column":7}},"15":{"start":{"line":16,"column":0},"end":{"line":16,"column":7}},"16":{"start":{"line":17,"column":0},"end":{"line":17,"column":0}},"17":{"start":{"line":18,"column":0},"end":{"line":18,"column":51}},"18":{"start":{"line":19,"column":0},"end":{"line":19,"column":0}},"19":{"start":{"line":20,"column":0},"end":{"line":20,"column":29}},"20":{"start":{"line":21,"column":0},"end":{"line":21,"column":47}},"21":{"start":{"line":22,"column":0},"end":{"line":22,"column":64}},"22":{"start":{"line":23,"column":0},"end":{"line":23,"column":5}},"23":{"start":{"line":24,"column":0},"end":{"line":24,"column":89}},"24":{"start":{"line":25,"column":0},"end":{"line":25,"column":125}},"25":{"start":{"line":26,"column":0},"end":{"line":26,"column":18}},"26":{"start":{"line":27,"column":0},"end":{"line":27,"column":42}},"27":{"start":{"line":28,"column":0},"end":{"line":28,"column":9}},"28":{"start":{"line":29,"column":0},"end":{"line":29,"column":23}},"29":{"start":{"line":30,"column":0},"end":{"line":30,"column":8}},"30":{"start":{"line":31,"column":0},"end":{"line":31,"column":0}},"31":{"start":{"line":32,"column":0},"end":{"line":32,"column":24}},"32":{"start":{"line":33,"column":0},"end":{"line":33,"column":67}},"33":{"start":{"line":34,"column":0},"end":{"line":34,"column":68}},"34":{"start":{"line":35,"column":0},"end":{"line":35,"column":0}},"35":{"start":{"line":36,"column":0},"end":{"line":36,"column":42}},"36":{"start":{"line":37,"column":0},"end":{"line":37,"column":90}},"37":{"start":{"line":38,"column":0},"end":{"line":38,"column":7}},"38":{"start":{"line":39,"column":0},"end":{"line":39,"column":0}},"39":{"start":{"line":40,"column":0},"end":{"line":40,"column":61}},"40":{"start":{"line":41,"column":0},"end":{"line":41,"column":0}},"41":{"start":{"line":42,"column":0},"end":{"line":42,"column":31}},"42":{"start":{"line":43,"column":0},"end":{"line":43,"column":0}},"43":{"start":{"line":44,"column":0},"end":{"line":44,"column":14}},"44":{"start":{"line":45,"column":0},"end":{"line":45,"column":32}},"45":{"start":{"line":46,"column":0},"end":{"line":46,"column":32}},"46":{"start":{"line":47,"column":0},"end":{"line":47,"column":16}},"47":{"start":{"line":48,"column":0},"end":{"line":48,"column":39}},"48":{"start":{"line":49,"column":0},"end":{"line":49,"column":42}},"49":{"start":{"line":50,"column":0},"end":{"line":50,"column":9}},"50":{"start":{"line":51,"column":0},"end":{"line":51,"column":7}},"51":{"start":{"line":52,"column":0},"end":{"line":52,"column":0}},"52":{"start":{"line":53,"column":0},"end":{"line":53,"column":33}},"53":{"start":{"line":54,"column":0},"end":{"line":54,"column":0}},"54":{"start":{"line":55,"column":0},"end":{"line":55,"column":7}},"55":{"start":{"line":56,"column":0},"end":{"line":56,"column":44}},"56":{"start":{"line":57,"column":0},"end":{"line":57,"column":20}},"57":{"start":{"line":58,"column":0},"end":{"line":58,"column":24}},"58":{"start":{"line":59,"column":0},"end":{"line":59,"column":20}},"59":{"start":{"line":60,"column":0},"end":{"line":60,"column":28}},"60":{"start":{"line":61,"column":0},"end":{"line":61,"column":23}},"61":{"start":{"line":62,"column":0},"end":{"line":62,"column":8}},"62":{"start":{"line":63,"column":0},"end":{"line":63,"column":24}},"63":{"start":{"line":64,"column":0},"end":{"line":64,"column":48}},"64":{"start":{"line":65,"column":0},"end":{"line":65,"column":7}},"65":{"start":{"line":66,"column":0},"end":{"line":66,"column":4}},"66":{"start":{"line":67,"column":0},"end":{"line":67,"column":72}},"67":{"start":{"line":68,"column":0},"end":{"line":68,"column":33}},"68":{"start":{"line":69,"column":0},"end":{"line":69,"column":16}},"69":{"start":{"line":70,"column":0},"end":{"line":70,"column":67}},"70":{"start":{"line":71,"column":0},"end":{"line":71,"column":8}},"71":{"start":{"line":72,"column":0},"end":{"line":72,"column":44}},"72":{"start":{"line":73,"column":0},"end":{"line":73,"column":48}},"73":{"start":{"line":74,"column":0},"end":{"line":74,"column":46}},"74":{"start":{"line":75,"column":0},"end":{"line":75,"column":52}},"75":{"start":{"line":76,"column":0},"end":{"line":76,"column":32}},"76":{"start":{"line":77,"column":0},"end":{"line":77,"column":7}},"77":{"start":{"line":78,"column":0},"end":{"line":78,"column":60}},"78":{"start":{"line":79,"column":0},"end":{"line":79,"column":5}},"79":{"start":{"line":80,"column":0},"end":{"line":80,"column":0}},"80":{"start":{"line":81,"column":0},"end":{"line":81,"column":39}},"81":{"start":{"line":82,"column":0},"end":{"line":82,"column":58}},"82":{"start":{"line":83,"column":0},"end":{"line":83,"column":3}},"83":{"start":{"line":84,"column":0},"end":{"line":84,"column":0}},"84":{"start":{"line":85,"column":0},"end":{"line":85,"column":0}},"85":{"start":{"line":86,"column":0},"end":{"line":86,"column":0}},"86":{"start":{"line":87,"column":0},"end":{"line":87,"column":0}},"87":{"start":{"line":88,"column":0},"end":{"line":88,"column":1}},"88":{"start":{"line":89,"column":0},"end":{"line":89,"column":0}},"89":{"start":{"line":90,"column":0},"end":{"line":90,"column":37}},"90":{"start":{"line":91,"column":0},"end":{"line":91,"column":24}},"91":{"start":{"line":92,"column":0},"end":{"line":92,"column":0}},"92":{"start":{"line":93,"column":0},"end":{"line":93,"column":45}},"93":{"start":{"line":94,"column":0},"end":{"line":94,"column":48}},"94":{"start":{"line":95,"column":0},"end":{"line":95,"column":0}},"95":{"start":{"line":96,"column":0},"end":{"line":96,"column":34}},"96":{"start":{"line":97,"column":0},"end":{"line":97,"column":0}},"97":{"start":{"line":98,"column":0},"end":{"line":98,"column":7}},"98":{"start":{"line":99,"column":0},"end":{"line":99,"column":0}},"99":{"start":{"line":100,"column":0},"end":{"line":100,"column":42}},"100":{"start":{"line":101,"column":0},"end":{"line":101,"column":19}},"101":{"start":{"line":102,"column":0},"end":{"line":102,"column":56}},"102":{"start":{"line":103,"column":0},"end":{"line":103,"column":75}},"103":{"start":{"line":104,"column":0},"end":{"line":104,"column":54}},"104":{"start":{"line":105,"column":0},"end":{"line":105,"column":0}},"105":{"start":{"line":106,"column":0},"end":{"line":106,"column":26}},"106":{"start":{"line":107,"column":0},"end":{"line":107,"column":13}},"107":{"start":{"line":108,"column":0},"end":{"line":108,"column":13}},"108":{"start":{"line":109,"column":0},"end":{"line":109,"column":27}},"109":{"start":{"line":110,"column":0},"end":{"line":110,"column":19}},"110":{"start":{"line":111,"column":0},"end":{"line":111,"column":48}},"111":{"start":{"line":112,"column":0},"end":{"line":112,"column":30}},"112":{"start":{"line":113,"column":0},"end":{"line":113,"column":14}},"113":{"start":{"line":114,"column":0},"end":{"line":114,"column":12}},"114":{"start":{"line":115,"column":0},"end":{"line":115,"column":7}},"115":{"start":{"line":116,"column":0},"end":{"line":116,"column":7}},"116":{"start":{"line":117,"column":0},"end":{"line":117,"column":17}},"117":{"start":{"line":118,"column":0},"end":{"line":118,"column":26}},"118":{"start":{"line":119,"column":0},"end":{"line":119,"column":43}},"119":{"start":{"line":120,"column":0},"end":{"line":120,"column":7}},"120":{"start":{"line":121,"column":0},"end":{"line":121,"column":3}},"121":{"start":{"line":122,"column":0},"end":{"line":122,"column":0}},"122":{"start":{"line":123,"column":0},"end":{"line":123,"column":1}},"123":{"start":{"line":124,"column":0},"end":{"line":124,"column":39}},"124":{"start":{"line":125,"column":0},"end":{"line":125,"column":24}},"125":{"start":{"line":126,"column":0},"end":{"line":126,"column":0}},"126":{"start":{"line":127,"column":0},"end":{"line":127,"column":32}},"127":{"start":{"line":128,"column":0},"end":{"line":128,"column":0}},"128":{"start":{"line":129,"column":0},"end":{"line":129,"column":7}},"129":{"start":{"line":130,"column":0},"end":{"line":130,"column":53}},"130":{"start":{"line":131,"column":0},"end":{"line":131,"column":0}},"131":{"start":{"line":132,"column":0},"end":{"line":132,"column":17}},"132":{"start":{"line":133,"column":0},"end":{"line":133,"column":35}},"133":{"start":{"line":134,"column":0},"end":{"line":134,"column":35}},"134":{"start":{"line":135,"column":0},"end":{"line":135,"column":9}},"135":{"start":{"line":136,"column":0},"end":{"line":136,"column":5}},"136":{"start":{"line":137,"column":0},"end":{"line":137,"column":0}},"137":{"start":{"line":138,"column":0},"end":{"line":138,"column":44}},"138":{"start":{"line":139,"column":0},"end":{"line":139,"column":35}},"139":{"start":{"line":140,"column":0},"end":{"line":140,"column":50}},"140":{"start":{"line":141,"column":0},"end":{"line":141,"column":9}},"141":{"start":{"line":142,"column":0},"end":{"line":142,"column":5}},"142":{"start":{"line":143,"column":0},"end":{"line":143,"column":0}},"143":{"start":{"line":144,"column":0},"end":{"line":144,"column":36}},"144":{"start":{"line":145,"column":0},"end":{"line":145,"column":0}},"145":{"start":{"line":146,"column":0},"end":{"line":146,"column":17}},"146":{"start":{"line":147,"column":0},"end":{"line":147,"column":33}},"147":{"start":{"line":148,"column":0},"end":{"line":148,"column":38}},"148":{"start":{"line":149,"column":0},"end":{"line":149,"column":7}},"149":{"start":{"line":150,"column":0},"end":{"line":150,"column":3}},"150":{"start":{"line":151,"column":0},"end":{"line":151,"column":1}},"151":{"start":{"line":152,"column":0},"end":{"line":152,"column":0}},"152":{"start":{"line":153,"column":0},"end":{"line":153,"column":42}},"153":{"start":{"line":154,"column":0},"end":{"line":154,"column":24}},"154":{"start":{"line":155,"column":0},"end":{"line":155,"column":32}},"155":{"start":{"line":156,"column":0},"end":{"line":156,"column":0}},"156":{"start":{"line":157,"column":0},"end":{"line":157,"column":50}},"157":{"start":{"line":158,"column":0},"end":{"line":158,"column":65}},"158":{"start":{"line":159,"column":0},"end":{"line":159,"column":3}},"159":{"start":{"line":160,"column":0},"end":{"line":160,"column":0}},"160":{"start":{"line":161,"column":0},"end":{"line":161,"column":0}},"161":{"start":{"line":162,"column":0},"end":{"line":162,"column":7}},"162":{"start":{"line":163,"column":0},"end":{"line":163,"column":0}},"163":{"start":{"line":164,"column":0},"end":{"line":164,"column":53}},"164":{"start":{"line":165,"column":0},"end":{"line":165,"column":0}},"165":{"start":{"line":166,"column":0},"end":{"line":166,"column":17}},"166":{"start":{"line":167,"column":0},"end":{"line":167,"column":35}},"167":{"start":{"line":168,"column":0},"end":{"line":168,"column":35}},"168":{"start":{"line":169,"column":0},"end":{"line":169,"column":9}},"169":{"start":{"line":170,"column":0},"end":{"line":170,"column":5}},"170":{"start":{"line":171,"column":0},"end":{"line":171,"column":0}},"171":{"start":{"line":172,"column":0},"end":{"line":172,"column":44}},"172":{"start":{"line":173,"column":0},"end":{"line":173,"column":35}},"173":{"start":{"line":174,"column":0},"end":{"line":174,"column":64}},"174":{"start":{"line":175,"column":0},"end":{"line":175,"column":9}},"175":{"start":{"line":176,"column":0},"end":{"line":176,"column":5}},"176":{"start":{"line":177,"column":0},"end":{"line":177,"column":37}},"177":{"start":{"line":178,"column":0},"end":{"line":178,"column":35}},"178":{"start":{"line":179,"column":0},"end":{"line":179,"column":59}},"179":{"start":{"line":180,"column":0},"end":{"line":180,"column":9}},"180":{"start":{"line":181,"column":0},"end":{"line":181,"column":5}},"181":{"start":{"line":182,"column":0},"end":{"line":182,"column":31}},"182":{"start":{"line":183,"column":0},"end":{"line":183,"column":0}},"183":{"start":{"line":184,"column":0},"end":{"line":184,"column":23}},"184":{"start":{"line":185,"column":0},"end":{"line":185,"column":0}},"185":{"start":{"line":186,"column":0},"end":{"line":186,"column":36}},"186":{"start":{"line":187,"column":0},"end":{"line":187,"column":17}},"187":{"start":{"line":188,"column":0},"end":{"line":188,"column":33}},"188":{"start":{"line":189,"column":0},"end":{"line":189,"column":38}},"189":{"start":{"line":190,"column":0},"end":{"line":190,"column":7}},"190":{"start":{"line":191,"column":0},"end":{"line":191,"column":3}},"191":{"start":{"line":192,"column":0},"end":{"line":192,"column":1}},"192":{"start":{"line":193,"column":0},"end":{"line":193,"column":0}},"193":{"start":{"line":194,"column":0},"end":{"line":194,"column":45}},"194":{"start":{"line":195,"column":0},"end":{"line":195,"column":24}},"195":{"start":{"line":196,"column":0},"end":{"line":196,"column":32}},"196":{"start":{"line":197,"column":0},"end":{"line":197,"column":0}},"197":{"start":{"line":198,"column":0},"end":{"line":198,"column":50}},"198":{"start":{"line":199,"column":0},"end":{"line":199,"column":33}},"199":{"start":{"line":200,"column":0},"end":{"line":200,"column":33}},"200":{"start":{"line":201,"column":0},"end":{"line":201,"column":7}},"201":{"start":{"line":202,"column":0},"end":{"line":202,"column":3}},"202":{"start":{"line":203,"column":0},"end":{"line":203,"column":7}},"203":{"start":{"line":204,"column":0},"end":{"line":204,"column":53}},"204":{"start":{"line":205,"column":0},"end":{"line":205,"column":0}},"205":{"start":{"line":206,"column":0},"end":{"line":206,"column":17}},"206":{"start":{"line":207,"column":0},"end":{"line":207,"column":35}},"207":{"start":{"line":208,"column":0},"end":{"line":208,"column":35}},"208":{"start":{"line":209,"column":0},"end":{"line":209,"column":9}},"209":{"start":{"line":210,"column":0},"end":{"line":210,"column":5}},"210":{"start":{"line":211,"column":0},"end":{"line":211,"column":0}},"211":{"start":{"line":212,"column":0},"end":{"line":212,"column":44}},"212":{"start":{"line":213,"column":0},"end":{"line":213,"column":35}},"213":{"start":{"line":214,"column":0},"end":{"line":214,"column":64}},"214":{"start":{"line":215,"column":0},"end":{"line":215,"column":9}},"215":{"start":{"line":216,"column":0},"end":{"line":216,"column":5}},"216":{"start":{"line":217,"column":0},"end":{"line":217,"column":37}},"217":{"start":{"line":218,"column":0},"end":{"line":218,"column":35}},"218":{"start":{"line":219,"column":0},"end":{"line":219,"column":57}},"219":{"start":{"line":220,"column":0},"end":{"line":220,"column":9}},"220":{"start":{"line":221,"column":0},"end":{"line":221,"column":5}},"221":{"start":{"line":222,"column":0},"end":{"line":222,"column":41}},"222":{"start":{"line":223,"column":0},"end":{"line":223,"column":0}},"223":{"start":{"line":224,"column":0},"end":{"line":224,"column":8}},"224":{"start":{"line":225,"column":0},"end":{"line":225,"column":25}},"225":{"start":{"line":226,"column":0},"end":{"line":226,"column":32}},"226":{"start":{"line":227,"column":0},"end":{"line":227,"column":30}},"227":{"start":{"line":228,"column":0},"end":{"line":228,"column":31}},"228":{"start":{"line":229,"column":0},"end":{"line":229,"column":33}},"229":{"start":{"line":230,"column":0},"end":{"line":230,"column":26}},"230":{"start":{"line":231,"column":0},"end":{"line":231,"column":7}},"231":{"start":{"line":232,"column":0},"end":{"line":232,"column":35}},"232":{"start":{"line":233,"column":0},"end":{"line":233,"column":55}},"233":{"start":{"line":234,"column":0},"end":{"line":234,"column":9}},"234":{"start":{"line":235,"column":0},"end":{"line":235,"column":5}},"235":{"start":{"line":236,"column":0},"end":{"line":236,"column":0}},"236":{"start":{"line":237,"column":0},"end":{"line":237,"column":0}},"237":{"start":{"line":238,"column":0},"end":{"line":238,"column":29}},"238":{"start":{"line":239,"column":0},"end":{"line":239,"column":46}},"239":{"start":{"line":240,"column":0},"end":{"line":240,"column":42}},"240":{"start":{"line":241,"column":0},"end":{"line":241,"column":44}},"241":{"start":{"line":242,"column":0},"end":{"line":242,"column":48}},"242":{"start":{"line":243,"column":0},"end":{"line":243,"column":40}},"243":{"start":{"line":244,"column":0},"end":{"line":244,"column":5}},"244":{"start":{"line":245,"column":0},"end":{"line":245,"column":0}},"245":{"start":{"line":246,"column":0},"end":{"line":246,"column":23}},"246":{"start":{"line":247,"column":0},"end":{"line":247,"column":0}},"247":{"start":{"line":248,"column":0},"end":{"line":248,"column":36}},"248":{"start":{"line":249,"column":0},"end":{"line":249,"column":17}},"249":{"start":{"line":250,"column":0},"end":{"line":250,"column":33}},"250":{"start":{"line":251,"column":0},"end":{"line":251,"column":38}},"251":{"start":{"line":252,"column":0},"end":{"line":252,"column":7}},"252":{"start":{"line":253,"column":0},"end":{"line":253,"column":3}},"253":{"start":{"line":254,"column":0},"end":{"line":254,"column":1}},"254":{"start":{"line":255,"column":0},"end":{"line":255,"column":0}},"255":{"start":{"line":256,"column":0},"end":{"line":256,"column":18}},"256":{"start":{"line":257,"column":0},"end":{"line":257,"column":76}},"257":{"start":{"line":258,"column":0},"end":{"line":258,"column":1}}},"s":{"0":1,"1":1,"2":1,"3":1,"4":1,"5":1,"6":6,"7":6,"8":6,"9":6,"10":6,"11":6,"12":6,"13":6,"14":6,"15":6,"16":5,"17":5,"18":5,"19":5,"20":6,"21":1,"22":1,"23":4,"24":4,"25":4,"26":4,"27":4,"28":4,"29":4,"30":3,"31":3,"32":3,"33":3,"34":3,"35":3,"36":1,"37":1,"38":2,"39":2,"40":2,"41":2,"42":2,"43":2,"44":2,"45":2,"46":2,"47":2,"48":2,"49":2,"50":2,"51":2,"52":2,"53":2,"54":3,"55":3,"56":3,"57":3,"58":3,"59":3,"60":3,"61":3,"62":3,"63":3,"64":3,"65":1,"66":1,"67":1,"68":6,"69":4,"70":4,"71":4,"72":4,"73":4,"74":4,"75":1,"76":4,"77":4,"78":4,"79":0,"80":0,"81":0,"82":0,"83":6,"84":6,"85":6,"86":6,"87":6,"88":1,"89":4,"90":4,"91":4,"92":4,"93":4,"94":4,"95":4,"96":4,"97":4,"98":4,"99":4,"100":4,"101":4,"102":4,"103":4,"104":4,"105":4,"106":4,"107":4,"108":4,"109":4,"110":4,"111":4,"112":4,"113":4,"114":4,"115":4,"116":4,"117":0,"118":0,"119":0,"120":0,"121":4,"122":4,"123":4,"124":4,"125":4,"126":4,"127":4,"128":4,"129":4,"130":3,"131":4,"132":1,"133":1,"134":1,"135":1,"136":2,"137":4,"138":1,"139":1,"140":1,"141":1,"142":1,"143":1,"144":1,"145":1,"146":1,"147":1,"148":1,"149":1,"150":4,"151":1,"152":5,"153":5,"154":5,"155":5,"156":5,"157":1,"158":1,"159":4,"160":4,"161":4,"162":4,"163":4,"164":4,"165":5,"166":1,"167":1,"168":1,"169":1,"170":3,"171":5,"172":1,"173":1,"174":1,"175":1,"176":5,"177":1,"178":1,"179":1,"180":1,"181":1,"182":1,"183":1,"184":1,"185":1,"186":5,"187":0,"188":0,"189":0,"190":0,"191":5,"192":1,"193":5,"194":5,"195":5,"196":5,"197":5,"198":1,"199":1,"200":1,"201":1,"202":4,"203":4,"204":4,"205":5,"206":1,"207":1,"208":1,"209":1,"210":3,"211":5,"212":1,"213":1,"214":1,"215":1,"216":5,"217":1,"218":1,"219":1,"220":1,"221":1,"222":1,"223":1,"224":1,"225":5,"226":5,"227":5,"228":5,"229":1,"230":5,"231":0,"232":0,"233":0,"234":0,"235":1,"236":1,"237":1,"238":1,"239":1,"240":1,"241":1,"242":1,"243":1,"244":1,"245":1,"246":1,"247":1,"248":5,"249":0,"250":0,"251":0,"252":0,"253":5,"254":1,"255":1,"256":1,"257":1},"branchMap":{"0":{"type":"branch","line":7,"loc":{"start":{"line":7,"column":0},"end":{"line":88,"column":1}},"locations":[{"start":{"line":7,"column":0},"end":{"line":88,"column":1}}]},"1":{"type":"branch","line":9,"loc":{"start":{"line":9,"column":64},"end":{"line":9,"column":71}},"locations":[{"start":{"line":9,"column":64},"end":{"line":9,"column":71}}]},"2":{"type":"branch","line":16,"loc":{"start":{"line":16,"column":6},"end":{"line":21,"column":44}},"locations":[{"start":{"line":16,"column":6},"end":{"line":21,"column":44}}]},"3":{"type":"branch","line":21,"loc":{"start":{"line":21,"column":46},"end":{"line":23,"column":5}},"locations":[{"start":{"line":21,"column":46},"end":{"line":23,"column":5}}]},"4":{"type":"branch","line":23,"loc":{"start":{"line":23,"column":4},"end":{"line":30,"column":8}},"locations":[{"start":{"line":23,"column":4},"end":{"line":30,"column":8}}]},"5":{"type":"branch","line":30,"loc":{"start":{"line":30,"column":7},"end":{"line":65,"column":7}},"locations":[{"start":{"line":30,"column":7},"end":{"line":65,"column":7}}]},"6":{"type":"branch","line":65,"loc":{"start":{"line":65,"column":6},"end":{"line":69,"column":3}},"locations":[{"start":{"line":65,"column":6},"end":{"line":69,"column":3}}]},"7":{"type":"branch","line":69,"loc":{"start":{"line":69,"column":3},"end":{"line":83,"column":3}},"locations":[{"start":{"line":69,"column":3},"end":{"line":83,"column":3}}]},"8":{"type":"branch","line":72,"loc":{"start":{"line":72,"column":41},"end":{"line":73,"column":45}},"locations":[{"start":{"line":72,"column":41},"end":{"line":73,"column":45}}]},"9":{"type":"branch","line":73,"loc":{"start":{"line":73,"column":45},"end":{"line":74,"column":43}},"locations":[{"start":{"line":73,"column":45},"end":{"line":74,"column":43}}]},"10":{"type":"branch","line":74,"loc":{"start":{"line":74,"column":43},"end":{"line":75,"column":49}},"locations":[{"start":{"line":74,"column":43},"end":{"line":75,"column":49}}]},"11":{"type":"branch","line":75,"loc":{"start":{"line":75,"column":49},"end":{"line":76,"column":32}},"locations":[{"start":{"line":75,"column":49},"end":{"line":76,"column":32}}]},"12":{"type":"branch","line":79,"loc":{"start":{"line":79,"column":4},"end":{"line":83,"column":3}},"locations":[{"start":{"line":79,"column":4},"end":{"line":83,"column":3}}]},"13":{"type":"branch","line":24,"loc":{"start":{"line":24,"column":72},"end":{"line":30,"column":5}},"locations":[{"start":{"line":24,"column":72},"end":{"line":30,"column":5}}]},"14":{"type":"branch","line":29,"loc":{"start":{"line":29,"column":8},"end":{"line":30,"column":5}},"locations":[{"start":{"line":29,"column":8},"end":{"line":30,"column":5}}]},"15":{"type":"branch","line":33,"loc":{"start":{"line":33,"column":57},"end":{"line":55,"column":5}},"locations":[{"start":{"line":33,"column":57},"end":{"line":55,"column":5}}]},"16":{"type":"branch","line":36,"loc":{"start":{"line":36,"column":41},"end":{"line":38,"column":7}},"locations":[{"start":{"line":36,"column":41},"end":{"line":38,"column":7}}]},"17":{"type":"branch","line":38,"loc":{"start":{"line":38,"column":6},"end":{"line":55,"column":5}},"locations":[{"start":{"line":38,"column":6},"end":{"line":55,"column":5}}]},"18":{"type":"branch","line":34,"loc":{"start":{"line":34,"column":37},"end":{"line":34,"column":66}},"locations":[{"start":{"line":34,"column":37},"end":{"line":34,"column":66}}]},"19":{"type":"branch","line":90,"loc":{"start":{"line":90,"column":0},"end":{"line":123,"column":1}},"locations":[{"start":{"line":90,"column":0},"end":{"line":123,"column":1}}]},"20":{"type":"branch","line":93,"loc":{"start":{"line":93,"column":39},"end":{"line":93,"column":44}},"locations":[{"start":{"line":93,"column":39},"end":{"line":93,"column":44}}]},"21":{"type":"branch","line":94,"loc":{"start":{"line":94,"column":41},"end":{"line":94,"column":47}},"locations":[{"start":{"line":94,"column":41},"end":{"line":94,"column":47}}]},"22":{"type":"branch","line":117,"loc":{"start":{"line":117,"column":4},"end":{"line":121,"column":3}},"locations":[{"start":{"line":117,"column":4},"end":{"line":121,"column":3}}]},"23":{"type":"branch","line":124,"loc":{"start":{"line":124,"column":0},"end":{"line":151,"column":1}},"locations":[{"start":{"line":124,"column":0},"end":{"line":151,"column":1}}]},"24":{"type":"branch","line":130,"loc":{"start":{"line":130,"column":52},"end":{"line":132,"column":16}},"locations":[{"start":{"line":130,"column":52},"end":{"line":132,"column":16}}]},"25":{"type":"branch","line":132,"loc":{"start":{"line":132,"column":16},"end":{"line":136,"column":5}},"locations":[{"start":{"line":132,"column":16},"end":{"line":136,"column":5}}]},"26":{"type":"branch","line":136,"loc":{"start":{"line":136,"column":4},"end":{"line":138,"column":43}},"locations":[{"start":{"line":136,"column":4},"end":{"line":138,"column":43}}]},"27":{"type":"branch","line":138,"loc":{"start":{"line":138,"column":43},"end":{"line":150,"column":3}},"locations":[{"start":{"line":138,"column":43},"end":{"line":150,"column":3}}]},"28":{"type":"branch","line":153,"loc":{"start":{"line":153,"column":0},"end":{"line":192,"column":1}},"locations":[{"start":{"line":153,"column":0},"end":{"line":192,"column":1}}]},"29":{"type":"branch","line":157,"loc":{"start":{"line":157,"column":49},"end":{"line":159,"column":3}},"locations":[{"start":{"line":157,"column":49},"end":{"line":159,"column":3}}]},"30":{"type":"branch","line":159,"loc":{"start":{"line":159,"column":2},"end":{"line":166,"column":16}},"locations":[{"start":{"line":159,"column":2},"end":{"line":166,"column":16}}]},"31":{"type":"branch","line":166,"loc":{"start":{"line":166,"column":16},"end":{"line":170,"column":5}},"locations":[{"start":{"line":166,"column":16},"end":{"line":170,"column":5}}]},"32":{"type":"branch","line":170,"loc":{"start":{"line":170,"column":4},"end":{"line":172,"column":43}},"locations":[{"start":{"line":170,"column":4},"end":{"line":172,"column":43}}]},"33":{"type":"branch","line":172,"loc":{"start":{"line":172,"column":43},"end":{"line":176,"column":5}},"locations":[{"start":{"line":172,"column":43},"end":{"line":176,"column":5}}]},"34":{"type":"branch","line":176,"loc":{"start":{"line":176,"column":4},"end":{"line":177,"column":36}},"locations":[{"start":{"line":176,"column":4},"end":{"line":177,"column":36}}]},"35":{"type":"branch","line":177,"loc":{"start":{"line":177,"column":36},"end":{"line":187,"column":4}},"locations":[{"start":{"line":177,"column":36},"end":{"line":187,"column":4}}]},"36":{"type":"branch","line":187,"loc":{"start":{"line":187,"column":4},"end":{"line":191,"column":3}},"locations":[{"start":{"line":187,"column":4},"end":{"line":191,"column":3}}]},"37":{"type":"branch","line":194,"loc":{"start":{"line":194,"column":0},"end":{"line":254,"column":1}},"locations":[{"start":{"line":194,"column":0},"end":{"line":254,"column":1}}]},"38":{"type":"branch","line":198,"loc":{"start":{"line":198,"column":49},"end":{"line":202,"column":3}},"locations":[{"start":{"line":198,"column":49},"end":{"line":202,"column":3}}]},"39":{"type":"branch","line":202,"loc":{"start":{"line":202,"column":2},"end":{"line":206,"column":16}},"locations":[{"start":{"line":202,"column":2},"end":{"line":206,"column":16}}]},"40":{"type":"branch","line":206,"loc":{"start":{"line":206,"column":16},"end":{"line":210,"column":5}},"locations":[{"start":{"line":206,"column":16},"end":{"line":210,"column":5}}]},"41":{"type":"branch","line":210,"loc":{"start":{"line":210,"column":4},"end":{"line":212,"column":43}},"locations":[{"start":{"line":210,"column":4},"end":{"line":212,"column":43}}]},"42":{"type":"branch","line":212,"loc":{"start":{"line":212,"column":43},"end":{"line":216,"column":5}},"locations":[{"start":{"line":212,"column":43},"end":{"line":216,"column":5}}]},"43":{"type":"branch","line":216,"loc":{"start":{"line":216,"column":4},"end":{"line":217,"column":36}},"locations":[{"start":{"line":216,"column":4},"end":{"line":217,"column":36}}]},"44":{"type":"branch","line":217,"loc":{"start":{"line":217,"column":36},"end":{"line":226,"column":29}},"locations":[{"start":{"line":217,"column":36},"end":{"line":226,"column":29}}]},"45":{"type":"branch","line":226,"loc":{"start":{"line":226,"column":29},"end":{"line":227,"column":27}},"locations":[{"start":{"line":226,"column":29},"end":{"line":227,"column":27}}]},"46":{"type":"branch","line":227,"loc":{"start":{"line":227,"column":27},"end":{"line":228,"column":28}},"locations":[{"start":{"line":227,"column":27},"end":{"line":228,"column":28}}]},"47":{"type":"branch","line":228,"loc":{"start":{"line":228,"column":28},"end":{"line":229,"column":30}},"locations":[{"start":{"line":228,"column":28},"end":{"line":229,"column":30}}]},"48":{"type":"branch","line":229,"loc":{"start":{"line":229,"column":30},"end":{"line":230,"column":26}},"locations":[{"start":{"line":229,"column":30},"end":{"line":230,"column":26}}]},"49":{"type":"branch","line":231,"loc":{"start":{"line":231,"column":6},"end":{"line":235,"column":5}},"locations":[{"start":{"line":231,"column":6},"end":{"line":235,"column":5}}]},"50":{"type":"branch","line":235,"loc":{"start":{"line":235,"column":4},"end":{"line":249,"column":4}},"locations":[{"start":{"line":235,"column":4},"end":{"line":249,"column":4}}]},"51":{"type":"branch","line":249,"loc":{"start":{"line":249,"column":4},"end":{"line":253,"column":3}},"locations":[{"start":{"line":249,"column":4},"end":{"line":253,"column":3}}]}},"b":{"0":[6],"1":[0],"2":[5],"3":[1],"4":[4],"5":[3],"6":[1],"7":[4],"8":[3],"9":[2],"10":[1],"11":[1],"12":[0],"13":[4],"14":[3],"15":[3],"16":[1],"17":[2],"18":[3],"19":[4],"20":[2],"21":[2],"22":[0],"23":[4],"24":[3],"25":[1],"26":[2],"27":[1],"28":[5],"29":[1],"30":[4],"31":[1],"32":[3],"33":[1],"34":[2],"35":[1],"36":[0],"37":[5],"38":[1],"39":[4],"40":[1],"41":[3],"42":[1],"43":[2],"44":[1],"45":[1],"46":[1],"47":[1],"48":[1],"49":[0],"50":[1],"51":[0]},"fnMap":{"0":{"name":"createOrder","decl":{"start":{"line":7,"column":0},"end":{"line":88,"column":1}},"loc":{"start":{"line":7,"column":0},"end":{"line":88,"column":1}},"line":7},"1":{"name":"getMyOrder","decl":{"start":{"line":90,"column":0},"end":{"line":123,"column":1}},"loc":{"start":{"line":90,"column":0},"end":{"line":123,"column":1}},"line":90},"2":{"name":"getOrderById","decl":{"start":{"line":124,"column":0},"end":{"line":151,"column":1}},"loc":{"start":{"line":124,"column":0},"end":{"line":151,"column":1}},"line":124},"3":{"name":"cancelOrderById","decl":{"start":{"line":153,"column":0},"end":{"line":192,"column":1}},"loc":{"start":{"line":153,"column":0},"end":{"line":192,"column":1}},"line":153},"4":{"name":"updateOrderAddress","decl":{"start":{"line":194,"column":0},"end":{"line":254,"column":1}},"loc":{"start":{"line":194,"column":0},"end":{"line":254,"column":1}},"line":194}},"f":{"0":6,"1":4,"2":4,"3":5,"4":5}}
,"C:\\Users\\kk234\\OneDrive\\Desktop\\Dev with Sheriyans\\Cohort Microservices\\Order\\src\\db\\db.js": {"path":"C:\\Users\\kk234\\OneDrive\\Desktop\\Dev with Sheriyans\\Cohort Microservices\\Order\\src\\db\\db.js","all":false,"statementMap":{"0":{"start":{"line":1,"column":0},"end":{"line":1,"column":37}},"1":{"start":{"line":2,"column":0},"end":{"line":2,"column":0}},"2":{"start":{"line":3,"column":0},"end":{"line":3,"column":0}},"3":{"start":{"line":4,"column":0},"end":{"line":4,"column":31}},"4":{"start":{"line":5,"column":0},"end":{"line":5,"column":49}},"5":{"start":{"line":6,"column":0},"end":{"line":6,"column":15}},"6":{"start":{"line":7,"column":0},"end":{"line":7,"column":39}},"7":{"start":{"line":8,"column":0},"end":{"line":8,"column":6}},"8":{"start":{"line":9,"column":0},"end":{"line":9,"column":19}},"9":{"start":{"line":10,"column":0},"end":{"line":10,"column":56}},"10":{"start":{"line":11,"column":0},"end":{"line":11,"column":7}},"11":{"start":{"line":12,"column":0},"end":{"line":12,"column":1}},"12":{"start":{"line":13,"column":0},"end":{"line":13,"column":31}}},"s":{"0":1,"1":1,"2":1,"3":5,"4":5,"5":5,"6":5,"7":5,"8":5,"9":0,"10":5,"11":5,"12":1},"branchMap":{"0":{"type":"branch","line":4,"loc":{"start":{"line":4,"column":0},"end":{"line":12,"column":1}},"locations":[{"start":{"line":4,"column":0},"end":{"line":12,"column":1}}]},"1":{"type":"branch","line":6,"loc":{"start":{"line":6,"column":10},"end":{"line":8,"column":5}},"locations":[{"start":{"line":6,"column":10},"end":{"line":8,"column":5}}]}},"b":{"0":[5],"1":[5]},"fnMap":{"0":{"name":"connectedToDB","decl":{"start":{"line":4,"column":0},"end":{"line":12,"column":1}},"loc":{"start":{"line":4,"column":0},"end":{"line":12,"column":1}},"line":4}},"f":{"0":5}}
,"C:\\Users\\kk234\\OneDrive\\Desktop\\Dev with Sheriyans\\Cohort Microservices\\Order\\src\\middlewares\\auth.middlewares.js": {"path":"C:\\Users\\kk234\\OneDrive\\Desktop\\Dev with Sheriyans\\Cohort Microservices\\Order\\src\\middlewares\\auth.middlewares.js","all":false,"statementMap":{"0":{"start":{"line":1,"column":0},"end":{"line":1,"column":0}},"1":{"start":{"line":2,"column":0},"end":{"line":2,"column":0}},"2":{"start":{"line":3,"column":0},"end":{"line":3,"column":36}},"3":{"start":{"line":4,"column":0},"end":{"line":4,"column":0}},"4":{"start":{"line":5,"column":0},"end":{"line":5,"column":0}},"5":{"start":{"line":6,"column":0},"end":{"line":6,"column":49}},"6":{"start":{"line":7,"column":0},"end":{"line":7,"column":52}},"7":{"start":{"line":8,"column":0},"end":{"line":8,"column":86}},"8":{"start":{"line":9,"column":0},"end":{"line":9,"column":0}},"9":{"start":{"line":10,"column":0},"end":{"line":10,"column":21}},"10":{"start":{"line":11,"column":0},"end":{"line":11,"column":78}},"11":{"start":{"line":12,"column":0},"end":{"line":12,"column":9}},"12":{"start":{"line":13,"column":0},"end":{"line":13,"column":0}},"13":{"start":{"line":14,"column":0},"end":{"line":14,"column":13}},"14":{"start":{"line":15,"column":0},"end":{"line":15,"column":70}},"15":{"start":{"line":16,"column":0},"end":{"line":16,"column":0}},"16":{"start":{"line":17,"column":0},"end":{"line":17,"column":48}},"17":{"start":{"line":18,"column":0},"end":{"line":18,"column":44}},"18":{"start":{"line":19,"column":0},"end":{"line":19,"column":61}},"19":{"start":{"line":20,"column":0},"end":{"line":20,"column":18}},"20":{"start":{"line":21,"column":0},"end":{"line":21,"column":13}},"21":{"start":{"line":22,"column":0},"end":{"line":22,"column":33}},"22":{"start":{"line":23,"column":0},"end":{"line":23,"column":28}},"23":{"start":{"line":24,"column":0},"end":{"line":24,"column":19}},"24":{"start":{"line":25,"column":0},"end":{"line":25,"column":25}},"25":{"start":{"line":26,"column":0},"end":{"line":26,"column":76}},"26":{"start":{"line":27,"column":0},"end":{"line":27,"column":9}},"27":{"start":{"line":28,"column":0},"end":{"line":28,"column":5}},"28":{"start":{"line":29,"column":0},"end":{"line":29,"column":1}},"29":{"start":{"line":30,"column":0},"end":{"line":30,"column":0}},"30":{"start":{"line":31,"column":0},"end":{"line":31,"column":40}}},"s":{"0":1,"1":1,"2":1,"3":1,"4":1,"5":25,"6":25,"7":41,"8":41,"9":41,"10":5,"11":5,"12":36,"13":36,"14":36,"15":36,"16":41,"17":3,"18":3,"19":3,"20":3,"21":28,"22":28,"23":28,"24":41,"25":5,"26":5,"27":41,"28":25,"29":1,"30":1},"branchMap":{"0":{"type":"branch","line":6,"loc":{"start":{"line":6,"column":0},"end":{"line":29,"column":1}},"locations":[{"start":{"line":6,"column":0},"end":{"line":29,"column":1}}]},"1":{"type":"branch","line":7,"loc":{"start":{"line":7,"column":11},"end":{"line":28,"column":5}},"locations":[{"start":{"line":7,"column":11},"end":{"line":28,"column":5}}]},"2":{"type":"branch","line":8,"loc":{"start":{"line":8,"column":70},"end":{"line":8,"column":77}},"locations":[{"start":{"line":8,"column":70},"end":{"line":8,"column":77}}]},"3":{"type":"branch","line":10,"loc":{"start":{"line":10,"column":20},"end":{"line":12,"column":9}},"locations":[{"start":{"line":10,"column":20},"end":{"line":12,"column":9}}]},"4":{"type":"branch","line":12,"loc":{"start":{"line":12,"column":8},"end":{"line":17,"column":47}},"locations":[{"start":{"line":12,"column":8},"end":{"line":17,"column":47}}]},"5":{"type":"branch","line":17,"loc":{"start":{"line":17,"column":47},"end":{"line":21,"column":13}},"locations":[{"start":{"line":17,"column":47},"end":{"line":21,"column":13}}]},"6":{"type":"branch","line":21,"loc":{"start":{"line":21,"column":12},"end":{"line":25,"column":10}},"locations":[{"start":{"line":21,"column":12},"end":{"line":25,"column":10}}]},"7":{"type":"branch","line":25,"loc":{"start":{"line":25,"column":10},"end":{"line":27,"column":9}},"locations":[{"start":{"line":25,"column":10},"end":{"line":27,"column":9}}]}},"b":{"0":[25],"1":[41],"2":[36],"3":[5],"4":[36],"5":[3],"6":[28],"7":[5]},"fnMap":{"0":{"name":"createAuthMiddleware","decl":{"start":{"line":6,"column":0},"end":{"line":29,"column":1}},"loc":{"start":{"line":6,"column":0},"end":{"line":29,"column":1}},"line":6},"1":{"name":"authMiddleware","decl":{"start":{"line":7,"column":11},"end":{"line":28,"column":5}},"loc":{"start":{"line":7,"column":11},"end":{"line":28,"column":5}},"line":7}},"f":{"0":25,"1":41}}
,"C:\\Users\\kk234\\OneDrive\\Desktop\\Dev with Sheriyans\\Cohort Microservices\\Order\\src\\middlewares\\validation.middlewares.js": {"path":"C:\\Users\\kk234\\OneDrive\\Desktop\\Dev with Sheriyans\\Cohort Microservices\\Order\\src\\middlewares\\validation.middlewares.js","all":false,"statementMap":{"0":{"start":{"line":1,"column":0},"end":{"line":1,"column":64}},"1":{"start":{"line":2,"column":0},"end":{"line":2,"column":0}},"2":{"start":{"line":3,"column":0},"end":{"line":3,"column":54}},"3":{"start":{"line":4,"column":0},"end":{"line":4,"column":41}},"4":{"start":{"line":5,"column":0},"end":{"line":5,"column":28}},"5":{"start":{"line":6,"column":0},"end":{"line":6,"column":64}},"6":{"start":{"line":7,"column":0},"end":{"line":7,"column":5}},"7":{"start":{"line":8,"column":0},"end":{"line":8,"column":11}},"8":{"start":{"line":9,"column":0},"end":{"line":9,"column":2}},"9":{"start":{"line":10,"column":0},"end":{"line":10,"column":0}},"10":{"start":{"line":11,"column":0},"end":{"line":11,"column":34}},"11":{"start":{"line":12,"column":0},"end":{"line":12,"column":34}},"12":{"start":{"line":13,"column":0},"end":{"line":13,"column":53}},"13":{"start":{"line":14,"column":0},"end":{"line":14,"column":57}},"14":{"start":{"line":15,"column":0},"end":{"line":15,"column":0}},"15":{"start":{"line":16,"column":0},"end":{"line":16,"column":32}},"16":{"start":{"line":17,"column":0},"end":{"line":17,"column":51}},"17":{"start":{"line":18,"column":0},"end":{"line":18,"column":55}},"18":{"start":{"line":19,"column":0},"end":{"line":19,"column":0}},"19":{"start":{"line":20,"column":0},"end":{"line":20,"column":33}},"20":{"start":{"line":21,"column":0},"end":{"line":21,"column":52}},"21":{"start":{"line":22,"column":0},"end":{"line":22,"column":57}},"22":{"start":{"line":23,"column":0},"end":{"line":23,"column":0}},"23":{"start":{"line":24,"column":0},"end":{"line":24,"column":35}},"24":{"start":{"line":25,"column":0},"end":{"line":25,"column":54}},"25":{"start":{"line":26,"column":0},"end":{"line":26,"column":59}},"26":{"start":{"line":27,"column":0},"end":{"line":27,"column":0}},"27":{"start":{"line":28,"column":0},"end":{"line":28,"column":31}},"28":{"start":{"line":29,"column":0},"end":{"line":29,"column":67}},"29":{"start":{"line":30,"column":0},"end":{"line":30,"column":55}},"30":{"start":{"line":31,"column":0},"end":{"line":31,"column":59}},"31":{"start":{"line":32,"column":0},"end":{"line":32,"column":28}},"32":{"start":{"line":33,"column":0},"end":{"line":33,"column":1}},"33":{"start":{"line":34,"column":0},"end":{"line":34,"column":0}},"34":{"start":{"line":35,"column":0},"end":{"line":35,"column":18}},"35":{"start":{"line":36,"column":0},"end":{"line":36,"column":28}},"36":{"start":{"line":37,"column":0},"end":{"line":37,"column":1}}},"s":{"0":1,"1":1,"2":1,"3":15,"4":15,"5":4,"6":4,"7":11,"8":11,"9":1,"10":1,"11":1,"12":1,"13":1,"14":1,"15":1,"16":1,"17":1,"18":1,"19":1,"20":1,"21":1,"22":1,"23":1,"24":1,"25":1,"26":1,"27":1,"28":1,"29":1,"30":1,"31":1,"32":1,"33":1,"34":1,"35":1,"36":1},"branchMap":{"0":{"type":"branch","line":3,"loc":{"start":{"line":3,"column":33},"end":{"line":9,"column":2}},"locations":[{"start":{"line":3,"column":33},"end":{"line":9,"column":2}}]},"1":{"type":"branch","line":5,"loc":{"start":{"line":5,"column":27},"end":{"line":7,"column":5}},"locations":[{"start":{"line":5,"column":27},"end":{"line":7,"column":5}}]},"2":{"type":"branch","line":7,"loc":{"start":{"line":7,"column":4},"end":{"line":9,"column":2}},"locations":[{"start":{"line":7,"column":4},"end":{"line":9,"column":2}}]}},"b":{"0":[15],"1":[4],"2":[11]},"fnMap":{"0":{"name":"responseValidationResult","decl":{"start":{"line":3,"column":33},"end":{"line":9,"column":2}},"loc":{"start":{"line":3,"column":33},"end":{"line":9,"column":2}},"line":3}},"f":{"0":15}}
,"C:\\Users\\kk234\\OneDrive\\Desktop\\Dev with Sheriyans\\Cohort Microservices\\Order\\src\\models\\order.models.js": {"path":"C:\\Users\\kk234\\OneDrive\\Desktop\\Dev with Sheriyans\\Cohort Microservices\\Order\\src\\models\\order.models.js","all":false,"statementMap":{"0":{"start":{"line":1,"column":0},"end":{"line":1,"column":37}},"1":{"start":{"line":2,"column":0},"end":{"line":2,"column":0}},"2":{"start":{"line":3,"column":0},"end":{"line":3,"column":43}},"3":{"start":{"line":4,"column":0},"end":{"line":4,"column":0}},"4":{"start":{"line":5,"column":0},"end":{"line":5,"column":19}},"5":{"start":{"line":6,"column":0},"end":{"line":6,"column":17}},"6":{"start":{"line":7,"column":0},"end":{"line":7,"column":18}},"7":{"start":{"line":8,"column":0},"end":{"line":8,"column":20}},"8":{"start":{"line":9,"column":0},"end":{"line":9,"column":15}},"9":{"start":{"line":10,"column":0},"end":{"line":10,"column":0}},"10":{"start":{"line":11,"column":0},"end":{"line":11,"column":3}},"11":{"start":{"line":12,"column":0},"end":{"line":12,"column":41}},"12":{"start":{"line":13,"column":0},"end":{"line":13,"column":0}},"13":{"start":{"line":14,"column":0},"end":{"line":14,"column":11}},"14":{"start":{"line":15,"column":0},"end":{"line":15,"column":38}},"15":{"start":{"line":16,"column":0},"end":{"line":16,"column":22}},"16":{"start":{"line":17,"column":0},"end":{"line":17,"column":6}},"17":{"start":{"line":18,"column":0},"end":{"line":18,"column":0}},"18":{"start":{"line":19,"column":0},"end":{"line":19,"column":12}},"19":{"start":{"line":20,"column":0},"end":{"line":20,"column":9}},"20":{"start":{"line":21,"column":0},"end":{"line":21,"column":22}},"21":{"start":{"line":22,"column":0},"end":{"line":22,"column":46}},"22":{"start":{"line":23,"column":0},"end":{"line":23,"column":30}},"23":{"start":{"line":24,"column":0},"end":{"line":24,"column":14}},"24":{"start":{"line":25,"column":0},"end":{"line":25,"column":23}},"25":{"start":{"line":26,"column":0},"end":{"line":26,"column":29}},"26":{"start":{"line":27,"column":0},"end":{"line":27,"column":27}},"27":{"start":{"line":28,"column":0},"end":{"line":28,"column":22}},"28":{"start":{"line":29,"column":0},"end":{"line":29,"column":14}},"29":{"start":{"line":30,"column":0},"end":{"line":30,"column":20}},"30":{"start":{"line":31,"column":0},"end":{"line":31,"column":25}},"31":{"start":{"line":32,"column":0},"end":{"line":32,"column":33}},"32":{"start":{"line":33,"column":0},"end":{"line":33,"column":34}},"33":{"start":{"line":34,"column":0},"end":{"line":34,"column":18}},"34":{"start":{"line":35,"column":0},"end":{"line":35,"column":27}},"35":{"start":{"line":36,"column":0},"end":{"line":36,"column":33}},"36":{"start":{"line":37,"column":0},"end":{"line":37,"column":41}},"37":{"start":{"line":38,"column":0},"end":{"line":38,"column":34}},"38":{"start":{"line":39,"column":0},"end":{"line":39,"column":17}},"39":{"start":{"line":40,"column":0},"end":{"line":40,"column":14}},"40":{"start":{"line":41,"column":0},"end":{"line":41,"column":9}},"41":{"start":{"line":42,"column":0},"end":{"line":42,"column":0}},"42":{"start":{"line":43,"column":0},"end":{"line":43,"column":0}},"43":{"start":{"line":44,"column":0},"end":{"line":44,"column":6}},"44":{"start":{"line":45,"column":0},"end":{"line":45,"column":18}},"45":{"start":{"line":46,"column":0},"end":{"line":46,"column":17}},"46":{"start":{"line":47,"column":0},"end":{"line":47,"column":25}},"47":{"start":{"line":48,"column":0},"end":{"line":48,"column":26}},"48":{"start":{"line":49,"column":0},"end":{"line":49,"column":10}},"49":{"start":{"line":50,"column":0},"end":{"line":50,"column":19}},"50":{"start":{"line":51,"column":0},"end":{"line":51,"column":25}},"51":{"start":{"line":52,"column":0},"end":{"line":52,"column":33}},"52":{"start":{"line":53,"column":0},"end":{"line":53,"column":26}},"53":{"start":{"line":54,"column":0},"end":{"line":54,"column":9}},"54":{"start":{"line":55,"column":0},"end":{"line":55,"column":6}},"55":{"start":{"line":56,"column":0},"end":{"line":56,"column":12}},"56":{"start":{"line":57,"column":0},"end":{"line":57,"column":20}},"57":{"start":{"line":58,"column":0},"end":{"line":58,"column":72}},"58":{"start":{"line":59,"column":0},"end":{"line":59,"column":25}},"59":{"start":{"line":60,"column":0},"end":{"line":60,"column":6}},"60":{"start":{"line":61,"column":0},"end":{"line":61,"column":22}},"61":{"start":{"line":62,"column":0},"end":{"line":62,"column":27}},"62":{"start":{"line":63,"column":0},"end":{"line":63,"column":21}},"63":{"start":{"line":64,"column":0},"end":{"line":64,"column":5}},"64":{"start":{"line":65,"column":0},"end":{"line":65,"column":23}},"65":{"start":{"line":66,"column":0},"end":{"line":66,"column":2}},"66":{"start":{"line":67,"column":0},"end":{"line":67,"column":0}},"67":{"start":{"line":68,"column":0},"end":{"line":68,"column":56}},"68":{"start":{"line":69,"column":0},"end":{"line":69,"column":0}},"69":{"start":{"line":70,"column":0},"end":{"line":70,"column":28}}},"s":{"0":1,"1":1,"2":1,"3":1,"4":1,"5":1,"6":1,"7":1,"8":1,"9":1,"10":1,"11":1,"12":1,"13":1,"14":1,"15":1,"16":1,"17":1,"18":1,"19":1,"20":1,"21":1,"22":1,"23":1,"24":1,"25":1,"26":1,"27":1,"28":1,"29":1,"30":1,"31":1,"32":1,"33":1,"34":1,"35":1,"36":1,"37":1,"38":1,"39":1,"40":1,"41":1,"42":1,"43":1,"44":1,"45":1,"46":1,"47":1,"48":1,"49":1,"50":1,"51":1,"52":1,"53":1,"54":1,"55":1,"56":1,"57":1,"58":1,"59":1,"60":1,"61":1,"62":1,"63":1,"64":1,"65":1,"66":1,"67":1,"68":1,"69":1},"branchMap":{},"b":{},"fnMap":{},"f":{}}
,"C:\\Users\\kk234\\OneDrive\\Desktop\\Dev with Sheriyans\\Cohort Microservices\\Order\\src\\routes\\order.routes.js": {"path":"C:\\Users\\kk234\\OneDrive\\Desktop\\Dev with Sheriyans\\Cohort Microservices\\Order\\src\\routes\\order.routes.js","all":false,"statementMap":{"0":{"start":{"line":1,"column":0},"end":{"line":1,"column":35}},"1":{"start":{"line":2,"column":0},"end":{"line":2,"column":72}},"2":{"start":{"line":3,"column":0},"end":{"line":3,"column":68}},"3":{"start":{"line":4,"column":0},"end":{"line":4,"column":68}},"4":{"start":{"line":5,"column":0},"end":{"line":5,"column":0}},"5":{"start":{"line":6,"column":0},"end":{"line":6,"column":32}},"6":{"start":{"line":7,"column":0},"end":{"line":7,"column":0}},"7":{"start":{"line":8,"column":0},"end":{"line":8,"column":112}},"8":{"start":{"line":9,"column":0},"end":{"line":9,"column":76}},"9":{"start":{"line":10,"column":0},"end":{"line":10,"column":79}},"10":{"start":{"line":11,"column":0},"end":{"line":11,"column":89}},"11":{"start":{"line":12,"column":0},"end":{"line":12,"column":131}},"12":{"start":{"line":13,"column":0},"end":{"line":13,"column":0}},"13":{"start":{"line":14,"column":0},"end":{"line":14,"column":24}}},"s":{"0":1,"1":1,"2":1,"3":1,"4":1,"5":1,"6":1,"7":1,"8":1,"9":1,"10":1,"11":1,"12":1,"13":1},"branchMap":{},"b":{},"fnMap":{},"f":{}}
}
