TN:
SF:src\app.js
FNF:0
FNH:0
DA:1,1
DA:2,1
DA:3,1
DA:4,1
DA:5,1
DA:6,1
DA:7,1
DA:8,1
DA:9,1
DA:10,1
DA:11,1
DA:12,1
DA:13,1
DA:14,1
DA:15,0
DA:16,0
DA:17,0
DA:18,1
DA:19,1
DA:20,1
DA:21,1
DA:22,1
LF:22
LH:19
BRF:0
BRH:0
end_of_record
TN:
SF:src\broker\broker.js
FN:5,connect
FN:19,publishToQueue
FN:29,subscribeToQueue
FNF:3
FNH:2
FNDA:1,connect
FNDA:1,publishToQueue
FNDA:0,subscribeToQueue
DA:1,1
DA:2,1
DA:3,1
DA:4,1
DA:5,1
DA:6,1
DA:7,1
DA:8,1
DA:9,1
DA:10,1
DA:11,1
DA:12,1
DA:13,1
DA:14,0
DA:15,0
DA:16,0
DA:17,1
DA:18,1
DA:19,1
DA:20,1
DA:21,1
DA:22,1
DA:23,1
DA:24,1
DA:25,1
DA:26,1
DA:27,1
DA:28,1
DA:29,0
DA:30,0
DA:31,0
DA:32,0
DA:33,0
DA:34,0
DA:35,0
DA:36,0
DA:37,0
DA:38,0
DA:39,0
DA:40,0
DA:41,0
DA:42,0
DA:43,1
DA:44,1
DA:45,1
DA:46,1
LF:46
LH:29
BRDA:5,0,0,1
BRDA:6,1,0,0
BRDA:13,2,0,0
BRDA:19,3,0,1
BRDA:20,4,0,0
BRF:5
BRH:2
end_of_record
TN:
SF:src\controllers\order.controllers.js
FN:7,createOrder
FN:90,getMyOrder
FN:124,getOrderById
FN:153,cancelOrderById
FN:194,updateOrderAddress
FNF:5
FNH:5
FNDA:6,createOrder
FNDA:4,getMyOrder
FNDA:4,getOrderById
FNDA:5,cancelOrderById
FNDA:5,updateOrderAddress
DA:1,1
DA:2,1
DA:3,1
DA:4,1
DA:5,1
DA:6,1
DA:7,6
DA:8,6
DA:9,6
DA:10,6
DA:11,6
DA:12,6
DA:13,6
DA:14,6
DA:15,6
DA:16,6
DA:17,5
DA:18,5
DA:19,5
DA:20,5
DA:21,6
DA:22,1
DA:23,1
DA:24,4
DA:25,4
DA:26,4
DA:27,4
DA:28,4
DA:29,4
DA:30,4
DA:31,3
DA:32,3
DA:33,3
DA:34,3
DA:35,3
DA:36,3
DA:37,1
DA:38,1
DA:39,2
DA:40,2
DA:41,2
DA:42,2
DA:43,2
DA:44,2
DA:45,2
DA:46,2
DA:47,2
DA:48,2
DA:49,2
DA:50,2
DA:51,2
DA:52,2
DA:53,2
DA:54,2
DA:55,3
DA:56,3
DA:57,3
DA:58,3
DA:59,3
DA:60,3
DA:61,3
DA:62,3
DA:63,3
DA:64,3
DA:65,3
DA:66,1
DA:67,1
DA:68,1
DA:69,6
DA:70,4
DA:71,4
DA:72,4
DA:73,4
DA:74,4
DA:75,4
DA:76,1
DA:77,4
DA:78,4
DA:79,4
DA:80,0
DA:81,0
DA:82,0
DA:83,0
DA:84,6
DA:85,6
DA:86,6
DA:87,6
DA:88,6
DA:89,1
DA:90,4
DA:91,4
DA:92,4
DA:93,4
DA:94,4
DA:95,4
DA:96,4
DA:97,4
DA:98,4
DA:99,4
DA:100,4
DA:101,4
DA:102,4
DA:103,4
DA:104,4
DA:105,4
DA:106,4
DA:107,4
DA:108,4
DA:109,4
DA:110,4
DA:111,4
DA:112,4
DA:113,4
DA:114,4
DA:115,4
DA:116,4
DA:117,4
DA:118,0
DA:119,0
DA:120,0
DA:121,0
DA:122,4
DA:123,4
DA:124,4
DA:125,4
DA:126,4
DA:127,4
DA:128,4
DA:129,4
DA:130,4
DA:131,3
DA:132,4
DA:133,1
DA:134,1
DA:135,1
DA:136,1
DA:137,2
DA:138,4
DA:139,1
DA:140,1
DA:141,1
DA:142,1
DA:143,1
DA:144,1
DA:145,1
DA:146,1
DA:147,1
DA:148,1
DA:149,1
DA:150,1
DA:151,4
DA:152,1
DA:153,5
DA:154,5
DA:155,5
DA:156,5
DA:157,5
DA:158,1
DA:159,1
DA:160,4
DA:161,4
DA:162,4
DA:163,4
DA:164,4
DA:165,4
DA:166,5
DA:167,1
DA:168,1
DA:169,1
DA:170,1
DA:171,3
DA:172,5
DA:173,1
DA:174,1
DA:175,1
DA:176,1
DA:177,5
DA:178,1
DA:179,1
DA:180,1
DA:181,1
DA:182,1
DA:183,1
DA:184,1
DA:185,1
DA:186,1
DA:187,5
DA:188,0
DA:189,0
DA:190,0
DA:191,0
DA:192,5
DA:193,1
DA:194,5
DA:195,5
DA:196,5
DA:197,5
DA:198,5
DA:199,1
DA:200,1
DA:201,1
DA:202,1
DA:203,4
DA:204,4
DA:205,4
DA:206,5
DA:207,1
DA:208,1
DA:209,1
DA:210,1
DA:211,3
DA:212,5
DA:213,1
DA:214,1
DA:215,1
DA:216,1
DA:217,5
DA:218,1
DA:219,1
DA:220,1
DA:221,1
DA:222,1
DA:223,1
DA:224,1
DA:225,1
DA:226,5
DA:227,5
DA:228,5
DA:229,5
DA:230,1
DA:231,5
DA:232,0
DA:233,0
DA:234,0
DA:235,0
DA:236,1
DA:237,1
DA:238,1
DA:239,1
DA:240,1
DA:241,1
DA:242,1
DA:243,1
DA:244,1
DA:245,1
DA:246,1
DA:247,1
DA:248,1
DA:249,5
DA:250,0
DA:251,0
DA:252,0
DA:253,0
DA:254,5
DA:255,1
DA:256,1
DA:257,1
DA:258,1
LF:258
LH:238
BRDA:7,0,0,6
BRDA:9,1,0,0
BRDA:16,2,0,5
BRDA:21,3,0,1
BRDA:23,4,0,4
BRDA:30,5,0,3
BRDA:65,6,0,1
BRDA:69,7,0,4
BRDA:72,8,0,3
BRDA:73,9,0,2
BRDA:74,10,0,1
BRDA:75,11,0,1
BRDA:79,12,0,0
BRDA:24,13,0,4
BRDA:29,14,0,3
BRDA:33,15,0,3
BRDA:36,16,0,1
BRDA:38,17,0,2
BRDA:34,18,0,3
BRDA:90,19,0,4
BRDA:93,20,0,2
BRDA:94,21,0,2
BRDA:117,22,0,0
BRDA:124,23,0,4
BRDA:130,24,0,3
BRDA:132,25,0,1
BRDA:136,26,0,2
BRDA:138,27,0,1
BRDA:153,28,0,5
BRDA:157,29,0,1
BRDA:159,30,0,4
BRDA:166,31,0,1
BRDA:170,32,0,3
BRDA:172,33,0,1
BRDA:176,34,0,2
BRDA:177,35,0,1
BRDA:187,36,0,0
BRDA:194,37,0,5
BRDA:198,38,0,1
BRDA:202,39,0,4
BRDA:206,40,0,1
BRDA:210,41,0,3
BRDA:212,42,0,1
BRDA:216,43,0,2
BRDA:217,44,0,1
BRDA:226,45,0,1
BRDA:227,46,0,1
BRDA:228,47,0,1
BRDA:229,48,0,1
BRDA:231,49,0,0
BRDA:235,50,0,1
BRDA:249,51,0,0
BRF:52
BRH:46
end_of_record
TN:
SF:src\db\db.js
FN:4,connectedToDB
FNF:1
FNH:1
FNDA:5,connectedToDB
DA:1,1
DA:2,1
DA:3,1
DA:4,5
DA:5,5
DA:6,5
DA:7,5
DA:8,5
DA:9,5
DA:10,0
DA:11,5
DA:12,5
DA:13,1
LF:13
LH:12
BRDA:4,0,0,5
BRDA:6,1,0,5
BRF:2
BRH:2
end_of_record
TN:
SF:src\middlewares\auth.middlewares.js
FN:6,createAuthMiddleware
FN:7,authMiddleware
FNF:2
FNH:2
FNDA:25,createAuthMiddleware
FNDA:41,authMiddleware
DA:1,1
DA:2,1
DA:3,1
DA:4,1
DA:5,1
DA:6,25
DA:7,25
DA:8,41
DA:9,41
DA:10,41
DA:11,5
DA:12,5
DA:13,36
DA:14,36
DA:15,36
DA:16,36
DA:17,41
DA:18,3
DA:19,3
DA:20,3
DA:21,3
DA:22,28
DA:23,28
DA:24,28
DA:25,41
DA:26,5
DA:27,5
DA:28,41
DA:29,25
DA:30,1
DA:31,1
LF:31
LH:31
BRDA:6,0,0,25
BRDA:7,1,0,41
BRDA:8,2,0,36
BRDA:10,3,0,5
BRDA:12,4,0,36
BRDA:17,5,0,3
BRDA:21,6,0,28
BRDA:25,7,0,5
BRF:8
BRH:8
end_of_record
TN:
SF:src\middlewares\validation.middlewares.js
FN:3,responseValidationResult
FNF:1
FNH:1
FNDA:15,responseValidationResult
DA:1,1
DA:2,1
DA:3,1
DA:4,15
DA:5,15
DA:6,4
DA:7,4
DA:8,11
DA:9,11
DA:10,1
DA:11,1
DA:12,1
DA:13,1
DA:14,1
DA:15,1
DA:16,1
DA:17,1
DA:18,1
DA:19,1
DA:20,1
DA:21,1
DA:22,1
DA:23,1
DA:24,1
DA:25,1
DA:26,1
DA:27,1
DA:28,1
DA:29,1
DA:30,1
DA:31,1
DA:32,1
DA:33,1
DA:34,1
DA:35,1
DA:36,1
DA:37,1
LF:37
LH:37
BRDA:3,0,0,15
BRDA:5,1,0,4
BRDA:7,2,0,11
BRF:3
BRH:3
end_of_record
TN:
SF:src\models\order.models.js
FNF:0
FNH:0
DA:1,1
DA:2,1
DA:3,1
DA:4,1
DA:5,1
DA:6,1
DA:7,1
DA:8,1
DA:9,1
DA:10,1
DA:11,1
DA:12,1
DA:13,1
DA:14,1
DA:15,1
DA:16,1
DA:17,1
DA:18,1
DA:19,1
DA:20,1
DA:21,1
DA:22,1
DA:23,1
DA:24,1
DA:25,1
DA:26,1
DA:27,1
DA:28,1
DA:29,1
DA:30,1
DA:31,1
DA:32,1
DA:33,1
DA:34,1
DA:35,1
DA:36,1
DA:37,1
DA:38,1
DA:39,1
DA:40,1
DA:41,1
DA:42,1
DA:43,1
DA:44,1
DA:45,1
DA:46,1
DA:47,1
DA:48,1
DA:49,1
DA:50,1
DA:51,1
DA:52,1
DA:53,1
DA:54,1
DA:55,1
DA:56,1
DA:57,1
DA:58,1
DA:59,1
DA:60,1
DA:61,1
DA:62,1
DA:63,1
DA:64,1
DA:65,1
DA:66,1
DA:67,1
DA:68,1
DA:69,1
DA:70,1
LF:70
LH:70
BRF:0
BRH:0
end_of_record
TN:
SF:src\routes\order.routes.js
FNF:0
FNH:0
DA:1,1
DA:2,1
DA:3,1
DA:4,1
DA:5,1
DA:6,1
DA:7,1
DA:8,1
DA:9,1
DA:10,1
DA:11,1
DA:12,1
DA:13,1
DA:14,1
LF:14
LH:14
BRF:0
BRH:0
end_of_record
